<?xml version="1.0" encoding="UTF-8"?>
<!-- Generated by org.testng.reporters.JUnitReportReporter -->
<testsuite hostname="DESKTOP-GRF47FU" failures="0" tests="1" name="TestScript.SummeryViewTest" time="3.489" errors="0" timestamp="2021-11-14T23:09:04 IST" skipped="0">
  <testcase classname="TestScript.SummeryViewTest" name="SummeryViewTestScript" time="3.489"/>
  <system-out/>
</testsuite> <!-- TestScript.SummeryViewTest -->
