<?xml version="1.0" encoding="UTF-8"?>
<!-- Generated by org.testng.reporters.JUnitReportReporter -->
<testsuite hostname="DESKTOP-GRF47FU" failures="0" tests="1" name="TestScript.CRMDashboardTest" time="7.017" errors="0" timestamp="2021-11-14T18:33:00 IST" skipped="0">
  <testcase classname="TestScript.CRMDashboardTest" name="CRMDashboardTestScript" time="7.017"/>
  <system-out/>
</testsuite> <!-- TestScript.CRMDashboardTest -->
