<?xml version="1.0" encoding="UTF-8"?>
<!-- Generated by org.testng.reporters.JUnitReportReporter -->
<testsuite hostname="DESKTOP-GRF47FU" failures="0" tests="1" name="TestScript.ExportTest" time="0.852" errors="0" timestamp="2021-11-14T20:08:16 IST" skipped="0">
  <testcase classname="TestScript.ExportTest" name="ExportTestScript" time="0.852"/>
  <system-out/>
</testsuite> <!-- TestScript.ExportTest -->
