<?xml version="1.0" encoding="UTF-8"?>
<!-- Generated by org.testng.reporters.JUnitReportReporter -->
<testsuite hostname="DESKTOP-GRF47FU" failures="0" tests="1" name="TestScript.LoginTest" time="17.446" errors="0" timestamp="2021-11-13T20:57:31 IST" skipped="0">
  <testcase classname="TestScript.LoginTest" name="LoginTestScript" time="17.446"/>
  <system-out/>
</testsuite> <!-- TestScript.LoginTest -->
