<?xml version="1.0" encoding="UTF-8"?>
<!-- Generated by org.testng.reporters.JUnitReportReporter -->
<testsuite hostname="DESKTOP-GRF47FU" failures="0" tests="1" name="TestScript.Page1Test" time="2.825" errors="0" timestamp="2021-11-14T19:36:57 IST" skipped="0">
  <testcase classname="TestScript.Page1Test" name="Page1TestScript" time="2.825"/>
  <system-out/>
</testsuite> <!-- TestScript.Page1Test -->
