<?xml version="1.0" encoding="UTF-8"?>
<!-- Generated by org.testng.reporters.JUnitReportReporter -->
<testsuite hostname="DESKTOP-GRF47FU" failures="0" tests="1" name="TestScript.QuickCreateTest" time="9.132" errors="0" timestamp="2021-11-14T21:46:12 IST" skipped="0">
  <testcase classname="TestScript.QuickCreateTest" name="QuickCreateTestScript" time="9.132"/>
  <system-out/>
</testsuite> <!-- TestScript.QuickCreateTest -->
