<?xml version="1.0" encoding="UTF-8"?>
<!-- Generated by org.testng.reporters.JUnitReportReporter -->
<testsuite hostname="DESKTOP-GRF47FU" failures="0" tests="1" name="TestScript.ContactsScreenTest" time="11.056" errors="0" timestamp="2021-11-15T00:34:20 IST" skipped="0">
  <testcase classname="TestScript.ContactsScreenTest" name="ContactsScreenTestScript" time="11.056"/>
  <system-out/>
</testsuite> <!-- TestScript.ContactsScreenTest -->
